<?xml version="1.0" encoding="UTF-8"?>
<!-- Generated by org.testng.reporters.JUnitXMLReporter -->
<testsuite hostname="DESKTOP-V9K624K" failures="0" tests="4" name="AppLock Test" time="74.549" errors="0" timestamp="27 Jul 2020 05:10:24 GMT">
  <testcase classname="keanu.Tests.AppLockTest" name="login" time="20.877"/>
  <testcase classname="keanu.Tests.AppLockTest" name="appLockUITest" time="5.363"/>
  <testcase classname="keanu.Tests.AppLockTest" name="checkConfirmPwd" time="13.67"/>
  <testcase classname="keanu.Tests.AppLockTest" name="appLockSetPassPhrase" time="11.145"/>
</testsuite> <!-- AppLock Test -->
