<?xml version="1.0" encoding="UTF-8"?>
<!-- Generated by org.testng.reporters.JUnitXMLReporter -->
<testsuite hostname="DESKTOP-V9K624K" failures="0" tests="2" name="Discover Screen Share Stickers Test" time="52.893" errors="0" timestamp="27 Jul 2020 05:14:16 GMT">
  <testcase classname="keanu.Tests.DiscoverScreenShareStickersTest" name="userLogin" time="23.555"/>
  <testcase classname="keanu.Tests.DiscoverScreenShareStickersTest" name="checkStickers" time="4.967"/>
</testsuite> <!-- Discover Screen Share Stickers Test -->
