<?xml version="1.0" encoding="UTF-8"?>
<!-- Generated by org.testng.reporters.JUnitXMLReporter -->
<testsuite hostname="DESKTOP-V9K624K" failures="0" tests="2" name="Discover Screen Check Services Test" time="48.741" errors="0" timestamp="27 Jul 2020 05:12:29 GMT">
  <testcase classname="keanu.Tests.DiscoverScreenCheckServicesTest" name="userLogin" time="21.645"/>
  <testcase classname="keanu.Tests.DiscoverScreenCheckServicesTest" name="checkServices" time="4.048"/>
</testsuite> <!-- Discover Screen Check Services Test -->
