<?xml version="1.0" encoding="UTF-8"?>
<!-- Generated by org.testng.reporters.JUnitXMLReporter -->
<testsuite hostname="DESKTOP-V9K624K" failures="0" tests="5" name="MyAccountsTest" time="142.323" errors="0" timestamp="27 Jul 2020 05:16:38 GMT">
  <testcase classname="keanu.Tests.MyAccountsTest" name="login" time="21.019"/>
  <testcase classname="keanu.Tests.MyAccountsTest" name="myAcconuts" time="21.341"/>
  <testcase classname="keanu.Tests.MyAccountsTest" name="addAccount" time="45.048"/>
  <testcase classname="keanu.Tests.MyAccountsTest" name="activateDeactivateAccount" time="8.981"/>
  <testcase classname="keanu.Tests.MyAccountsTest" name="defaultAccountChange" time="22.212"/>
</testsuite> <!-- MyAccountsTest -->
